Starting hardhat...
Starting bridge...
Starting frontend...
Environment Manager running at http://localhost:9002
[BRIDGE] Bridge using RPC_URL: http://127.0.0.1:8545 for Chain ID: 31337
[BRIDGE] HTTP Bridge: http://localhost:9000
WS Bridge: ws://localhost:9001
Setting up event listener for BragNFT at 0xDc64a140Aa3E981100a9becA4E685f962f0cF6C9
[FRONTEND] [45m[1m INFO [22m[49m Accepting connections at http://localhost:45499
[HARDHAT] node:events:497
      throw er; // Unhandled 'error' event
      ^

Error: listen EADDRINUSE: address already in use 127.0.0.1:8545
[90m    at Server.setupListenHandle [as _listen2] (node:net:1940:16)[39m
[90m    at listenInCluster (node:net:1997:12)[39m
[90m    at node:net:2206:7[39m
[90m    at process.processTicksAndRejections (node:internal/process/task_queues:89:21)[39m
Emitted 'error' event on WebSocketServer instance at:
[90m    at Server.emit (node:events:519:28)[39m
[90m    at emitErrorNT (node:net:1976:8)[39m
[90m    at process.processTicksAndRejections (node:internal/process/task_queues:89:21)[39m {
  code: [32m'EADDRINUSE'[39m,
  errno: [33m-98[39m,
  syscall: [32m'listen'[39m,
  address: [32m'127.0.0.1'[39m,
  port: [33m8545[39m
}

Node.js v22.22.1
hardhat process exited with code 1
[BRIDGE] Transfer event detected: 0x0000000000000000000000000000000000000000 -> 0xf39Fd6e51aad88F6F4ce6aB8827279cffFb92266
[BRIDGE] Transfer event detected: 0x0000000000000000000000000000000000000000 -> 0xf39Fd6e51aad88F6F4ce6aB8827279cffFb92266
[BRIDGE] Transfer event detected: 0x0000000000000000000000000000000000000000 -> 0xf39Fd6e51aad88F6F4ce6aB8827279cffFb92266
