Started HTTP and WebSocket JSON-RPC server at http://127.0.0.1:8545/

Accounts
========

WARNING: Funds sent on live network to accounts with publicly known private keys WILL BE LOST.

Account #0:  0xf39fd6e51aad88f6f4ce6ab8827279cfffb92266 (10000 ETH)
Private Key: 0xac0974bec39a17e36ba4a6b4d238ff944bacb478cbed5efcae784d7bf4f2ff80

Account #1:  0x70997970c51812dc3a010c7d01b50e0d17dc79c8 (10000 ETH)
Private Key: 0x59c6995e998f97a5a0044966f0945389dc9e86dae88c7a8412f4603b6b78690d

Account #2:  0x3c44cdddb6a900fa2b585dd299e03d12fa4293bc (10000 ETH)
Private Key: 0x5de4111afa1a4b94908f83103eb1f1706367c2e68ca870fc3fb9a804cdab365a

Account #3:  0x90f79bf6eb2c4f870365e785982e1f101e93b906 (10000 ETH)
Private Key: 0x7c852118294e51e653712a81e05800f419141751be58f605c371e15141b007a6

Account #4:  0x15d34aaf54267db7d7c367839aaf71a00a2c6a65 (10000 ETH)
Private Key: 0x47e179ec197488593b187f80a00eb0da91f1b9d0b13f8733639f19c30a34926a

Account #5:  0x9965507d1a55bcc2695c58ba16fb37d819b0a4dc (10000 ETH)
Private Key: 0x8b3a350cf5c34c9194ca85829a2df0ec3153be0318b5e2d3348e872092edffba

Account #6:  0x976ea74026e726554db657fa54763abd0c3a0aa9 (10000 ETH)
Private Key: 0x92db14e403b83dfe3df233f83dfa3a0d7096f21ca9b0d6d6b8d88b2b4ec1564e

Account #7:  0x14dc79964da2c08b23698b3d3cc7ca32193d9955 (10000 ETH)
Private Key: 0x4bbbf85ce3377467afe5d46f804f221813b2bb87f24d81f60f1fcdbf7cbf4356

Account #8:  0x23618e81e3f5cdf7f54c3d65f7fbc0abf5b21e8f (10000 ETH)
Private Key: 0xdbda1821b80551c9d65939329250298aa3472ba22feea921c0cf5d620ea67b97

Account #9:  0xa0ee7a142d267c1f36714e4a8f75612f20a79720 (10000 ETH)
Private Key: 0x2a871d0798f97d79848a013d4936a73bf4cc922c825d33c1cf7073dff6d409c6

Account #10: 0xbcd4042de499d14e55001ccbb24a551f3b954096 (10000 ETH)
Private Key: 0xf214f2b2cd398c806f84e317254e0f0b801d0643303237d97a22a48e01628897

Account #11: 0x71be63f3384f5fb98995898a86b02fb2426c5788 (10000 ETH)
Private Key: 0x701b615bbdfb9de65240bc28bd21bbc0d996645a3dd57e7b12bc2bdf6f192c82

Account #12: 0xfabb0ac9d68b0b445fb7357272ff202c5651694a (10000 ETH)
Private Key: 0xa267530f49f8280200edf313ee7af6b827f2a8bce2897751d06a843f644967b1

Account #13: 0x1cbd3b2770909d4e10f157cabc84c7264073c9ec (10000 ETH)
Private Key: 0x47c99abed3324a2707c28affff1267e45918ec8c3f20b8aa892e8b065d2942dd

Account #14: 0xdf3e18d64bc6a983f673ab319ccae4f1a57c7097 (10000 ETH)
Private Key: 0xc526ee95bf44d8fc405a158bb884d9d1238d99f0612e9f33d006bb0789009aaa

Account #15: 0xcd3b766ccdd6ae721141f452c550ca635964ce71 (10000 ETH)
Private Key: 0x8166f546bab6da521a8369cab06c5d2b9e46670292d85c875ee9ec20e84ffb61

Account #16: 0x2546bcd3c84621e976d8185a91a922ae77ecec30 (10000 ETH)
Private Key: 0xea6c44ac03bff858b476bba40716402b03e41b8e97e276d1baec7c37d42484a0

Account #17: 0xbda5747bfd65f08deb54cb465eb87d40e51b197e (10000 ETH)
Private Key: 0x689af8efa8c651a91ad287602527f3af2fe9f6501a7ac4b061667b5a93e037fd

Account #18: 0xdd2fd4581271e230360230f9337d5c0430bf44c0 (10000 ETH)
Private Key: 0xde9be858da4a475276426320d5e9262ecfc3ba460bfac56360bfa6c4c28b4ee0

Account #19: 0x8626f6940e2eb28930efb4cef49b2d1f2c9c1199 (10000 ETH)
Private Key: 0xdf57089febbacf7ba0bc227dafbffa9fc08a93fdc68e1e42411a14efcf23656e

WARNING: Funds sent on live network to accounts with publicly known private keys WILL BE LOST.

[32meth_chainId[0m
[31meth_fillTransaction - Method not supported[0m
[32meth_getTransactionCount[0m
[32meth_getBlockByNumber[0m
[32meth_maxPriorityFeePerGas[0m
[32meth_estimateGas[0m
[32meth_sendRawTransaction[0m
  Transaction: 0x680ff67fe8f6118ffbfd31b52f9a754a3b15735b7e9a3eb9076d42933c91bad6
  From:        0xf39fd6e51aad88f6f4ce6ab8827279cfffb92266
  To:          0xdc64a140aa3e981100a9beca4e685f962f0cf6c9
  Value:       0.1 ETH
  Gas used:    24340 of 24340
  Block #1:    0xde7acdb4c965055dacdfeefaaa7b34e538a372026c4013afb8b72ed4e5b6d36d

[32meth_getTransactionReceipt[0m
[31meth_fillTransaction - Method not supported[0m
[32meth_getTransactionCount[0m
[32meth_getBlockByNumber[0m
[32meth_maxPriorityFeePerGas[0m
[32meth_estimateGas[0m
[32meth_sendRawTransaction[0m
  Contract deployment: ExhibitVault
  Contract address:    0xe7f1725e7734ce288f8367e1bb143e90bb3f0512
  Transaction:         0x22a8d099d3bcd32c0204ed829812143f07085af04ca002a1d07e38d4784b5f8c
  From:                0xf39fd6e51aad88f6f4ce6ab8827279cfffb92266
  Value:               0 ETH
  Gas used:            2890957 of 2890957
  Block #2:            0x16359cea20f8b314c2cb0c89f192e145fc70ba2af88084c8489dde063e59b79a

[32meth_getTransactionReceipt[0m
[32meth_getTransactionCount[0m
[32meth_getBlockByNumber[0m
[32meth_maxPriorityFeePerGas[0m
[32meth_estimateGas[0m
[32meth_sendRawTransaction[0m
  Transaction:         0xe1f5eaed801bff65a513dd8ca4b7048f4fbdcec7d3f21eec00c46319e017319f
  From:                0xf39fd6e51aad88f6f4ce6ab8827279cfffb92266
  To:                  0x9fe46736679d2d9a65f0992f2272de9f3c7fa6e0
  Value:               0 ETH
  Gas used:            26350 of 26350
  Block #3:            0x743917ed6570dc616886061be2b4b34acb861c183904891eea11d03f0a2c6ff7

[32meth_getTransactionReceipt[0m
[31meth_fillTransaction - Method not supported[0m
[32meth_getTransactionCount[0m
[32meth_getBlockByNumber[0m
[32meth_maxPriorityFeePerGas[0m
[32meth_estimateGas[0m
[32meth_sendRawTransaction[0m
  Contract deployment: ExhibitVault
  Contract address:    0xcf7ed3acca5a467e9e704c703e8d87f634fb0fc9
  Transaction:         0x26182ff94005a5e7db12c36e5df47a58135fab7244f517cab1d1dbc5c18e05f0
  From:                0xf39fd6e51aad88f6f4ce6ab8827279cfffb92266
  Value:               0 ETH
  Gas used:            2890957 of 2890957
  Block #4:            0x2cc37838e9a91ff729c51c66665c7624c9e10f1ec0c59636fd4371a4867e381b

[32meth_getTransactionReceipt[0m
[32meth_getTransactionCount[0m
[32meth_getBlockByNumber[0m
[32meth_maxPriorityFeePerGas[0m
[32meth_estimateGas[0m
[32meth_sendRawTransaction[0m
  Transaction:         0x57c4412429b562df8dd6f897a04fcb92f5aeafc6fea6e511ec150babcba002fb
  From:                0xf39fd6e51aad88f6f4ce6ab8827279cfffb92266
  To:                  0x9fe46736679d2d9a65f0992f2272de9f3c7fa6e0
  Value:               0 ETH
  Gas used:            26350 of 26350
  Block #5:            0xa41e3da4e912638a80f3d98695ffc4a79717437807ffb7a64877cece64907ea5

[32meth_getTransactionReceipt[0m
[31meth_fillTransaction - Method not supported[0m
[32meth_getTransactionCount[0m
[32meth_getBlockByNumber[0m
[32meth_maxPriorityFeePerGas[0m
[32meth_estimateGas[0m
[32meth_sendRawTransaction[0m
  Contract deployment: ExhibitVault
  Contract address:    0x5fc8d32690cc91d4c39d9d3abcbd16989f875707
  Transaction:         0xfe618ae9ec1aa9dc8b56430f5fa908698bb98d8b766155b2eb742c523601ae95
  From:                0xf39fd6e51aad88f6f4ce6ab8827279cfffb92266
  Value:               0 ETH
  Gas used:            2890957 of 2890957
  Block #6:            0xe97a23a449f2aabab7c8aaa36647c0fac9593500b8952bb9fb4a42b40bf44d1d

[32meth_getTransactionReceipt[0m
[32meth_getTransactionCount[0m
[32meth_getBlockByNumber[0m
[32meth_maxPriorityFeePerGas[0m
[32meth_estimateGas[0m
[32meth_sendRawTransaction[0m
  Transaction:         0x070b91cbc3112ddc4923efa23f8e9b60e0c5d6704a8c2f9110d731baeab89315
  From:                0xf39fd6e51aad88f6f4ce6ab8827279cfffb92266
  To:                  0x9fe46736679d2d9a65f0992f2272de9f3c7fa6e0
  Value:               0 ETH
  Gas used:            25490 of 25490
  Block #7:            0xb2da0bb207419b6c1462b7e09eedf50d7da415a64a0ba12210c42d1ed52a76e4

[32meth_getTransactionReceipt[0m
[31meth_fillTransaction - Method not supported[0m
[32meth_getTransactionCount[0m
[32meth_getBlockByNumber[0m
[32meth_maxPriorityFeePerGas[0m
[32meth_estimateGas[0m
[32meth_sendRawTransaction[0m
  Contract deployment: ExhibitVault
  Contract address:    0xa513e6e4b8f2a923d98304ec87f64353c4d5c853
  Transaction:         0xcac9af5bca54ff8b05a1dc8a59266262a33d9c87a169ca7d4b2d38151ca0366a
  From:                0xf39fd6e51aad88f6f4ce6ab8827279cfffb92266
  Value:               0 ETH
  Gas used:            2890957 of 2890957
  Block #8:            0x267c347ea5b6a8023d1928bc91b881928b8e3947e59545680b60a028766a6c93

[32meth_getTransactionReceipt[0m
[32meth_getTransactionCount[0m
[32meth_getBlockByNumber[0m
[32meth_maxPriorityFeePerGas[0m
[32meth_estimateGas[0m
[32meth_sendRawTransaction[0m
  Transaction:         0x2ad8606447e79ce4417012a3664044b8b969cc92f3099fa87e6a5a9fa4597cca
  From:                0xf39fd6e51aad88f6f4ce6ab8827279cfffb92266
  To:                  0x9fe46736679d2d9a65f0992f2272de9f3c7fa6e0
  Value:               0 ETH
  Gas used:            25430 of 25430
  Block #9:            0x0bd87dcca345274e254128b5162f7ade3976042c95df3410c4c2ecfac62a82c0

[32meth_getTransactionReceipt[0m
[31meth_fillTransaction - Method not supported[0m
[32meth_getTransactionCount[0m
[32meth_getBlockByNumber[0m
[32meth_maxPriorityFeePerGas[0m
[32meth_estimateGas[0m
[32meth_sendRawTransaction[0m
  Contract deployment: ExhibitVault
  Contract address:    0x8a791620dd6260079bf849dc5567adc3f2fdc318
  Transaction:         0x6e56c4f48ccac50353dfd83dfbfc33bacfd7b7f34a7b9a388885fc8a466c410f
  From:                0xf39fd6e51aad88f6f4ce6ab8827279cfffb92266
  Value:               0 ETH
  Gas used:            2890957 of 2890957
  Block #10:           0x9d2cb0fa57456b8dd698393c6bd6e24ef39c867f6450791c38243ae327080e97

[32meth_getTransactionReceipt[0m
[32meth_getTransactionCount[0m
[32meth_getBlockByNumber[0m
[32meth_maxPriorityFeePerGas[0m
[32meth_estimateGas[0m
[32meth_sendRawTransaction[0m
  Transaction:         0x75adccb82bfa40b64a50c7251b01e63690a75e193c98de6db9abd45131a9c8a2
  From:                0xf39fd6e51aad88f6f4ce6ab8827279cfffb92266
  To:                  0x9fe46736679d2d9a65f0992f2272de9f3c7fa6e0
  Value:               0 ETH
  Gas used:            25430 of 25430
  Block #11:           0x23c67bc1029d38c45e0f7f32e084e7fbcb89508137728642c35363dfe34f7255

[32meth_getTransactionReceipt[0m
[32meth_getTransactionCount[0m
[32meth_getBlockByNumber[0m
[32meth_maxPriorityFeePerGas[0m
[32meth_estimateGas[0m
[32meth_sendRawTransaction[0m
  Transaction:         0x55b411cc44a55ab2ebfccaad2a0b5870a7efabe257966333f0a51ef5a8b5b0b9
  From:                0xf39fd6e51aad88f6f4ce6ab8827279cfffb92266
  To:                  0xdc64a140aa3e981100a9beca4e685f962f0cf6c9
  Value:               0 ETH
  Gas used:            23990 of 23990
  Block #12:           0xccb43ac663a28e9c88c5d14d77621c22b72ec06e725533ebae1695d6cfaf9589

[32meth_getTransactionReceipt[0m
[32meth_getTransactionCount[0m
[32meth_getBlockByNumber[0m
[32meth_maxPriorityFeePerGas[0m
[31meth_estimateGas[0m
  Contract call:       ExhibitVault#move721
  From:                0xf39fd6e51aad88f6f4ce6ab8827279cfffb92266
  To:                  0xe7f1725e7734ce288f8367e1bb143e90bb3f0512
  Value:               0 ETH

  Error: reverted with reason string 'Not the owner'

[31meth_estimateGas[0m
  Contract call:       ExhibitVault#move721
  From:                0xf39fd6e51aad88f6f4ce6ab8827279cfffb92266
  To:                  0xe7f1725e7734ce288f8367e1bb143e90bb3f0512
  Value:               0 ETH

  Error: reverted with reason string 'Not the owner'

[31meth_estimateGas[0m
  Contract call:       ExhibitVault#move721
  From:                0xf39fd6e51aad88f6f4ce6ab8827279cfffb92266
  To:                  0xe7f1725e7734ce288f8367e1bb143e90bb3f0512
  Value:               0 ETH

  Error: reverted with reason string 'Not the owner'

[31meth_estimateGas[0m
  Contract call:       ExhibitVault#move721
  From:                0xf39fd6e51aad88f6f4ce6ab8827279cfffb92266
  To:                  0xe7f1725e7734ce288f8367e1bb143e90bb3f0512
  Value:               0 ETH

  Error: reverted with reason string 'Not the owner'

Terminated
