Started HTTP and WebSocket JSON-RPC server at http://127.0.0.1:8545/

Accounts
========

WARNING: Funds sent on live network to accounts with publicly known private keys WILL BE LOST.

Account #0:  0xf39fd6e51aad88f6f4ce6ab8827279cfffb92266 (10000 ETH)
Private Key: 0xac0974bec39a17e36ba4a6b4d238ff944bacb478cbed5efcae784d7bf4f2ff80

Account #1:  0x70997970c51812dc3a010c7d01b50e0d17dc79c8 (10000 ETH)
Private Key: 0x59c6995e998f97a5a0044966f0945389dc9e86dae88c7a8412f4603b6b78690d

Account #2:  0x3c44cdddb6a900fa2b585dd299e03d12fa4293bc (10000 ETH)
Private Key: 0x5de4111afa1a4b94908f83103eb1f1706367c2e68ca870fc3fb9a804cdab365a

Account #3:  0x90f79bf6eb2c4f870365e785982e1f101e93b906 (10000 ETH)
Private Key: 0x7c852118294e51e653712a81e05800f419141751be58f605c371e15141b007a6

Account #4:  0x15d34aaf54267db7d7c367839aaf71a00a2c6a65 (10000 ETH)
Private Key: 0x47e179ec197488593b187f80a00eb0da91f1b9d0b13f8733639f19c30a34926a

Account #5:  0x9965507d1a55bcc2695c58ba16fb37d819b0a4dc (10000 ETH)
Private Key: 0x8b3a350cf5c34c9194ca85829a2df0ec3153be0318b5e2d3348e872092edffba

Account #6:  0x976ea74026e726554db657fa54763abd0c3a0aa9 (10000 ETH)
Private Key: 0x92db14e403b83dfe3df233f83dfa3a0d7096f21ca9b0d6d6b8d88b2b4ec1564e

Account #7:  0x14dc79964da2c08b23698b3d3cc7ca32193d9955 (10000 ETH)
Private Key: 0x4bbbf85ce3377467afe5d46f804f221813b2bb87f24d81f60f1fcdbf7cbf4356

Account #8:  0x23618e81e3f5cdf7f54c3d65f7fbc0abf5b21e8f (10000 ETH)
Private Key: 0xdbda1821b80551c9d65939329250298aa3472ba22feea921c0cf5d620ea67b97

Account #9:  0xa0ee7a142d267c1f36714e4a8f75612f20a79720 (10000 ETH)
Private Key: 0x2a871d0798f97d79848a013d4936a73bf4cc922c825d33c1cf7073dff6d409c6

Account #10: 0xbcd4042de499d14e55001ccbb24a551f3b954096 (10000 ETH)
Private Key: 0xf214f2b2cd398c806f84e317254e0f0b801d0643303237d97a22a48e01628897

Account #11: 0x71be63f3384f5fb98995898a86b02fb2426c5788 (10000 ETH)
Private Key: 0x701b615bbdfb9de65240bc28bd21bbc0d996645a3dd57e7b12bc2bdf6f192c82

Account #12: 0xfabb0ac9d68b0b445fb7357272ff202c5651694a (10000 ETH)
Private Key: 0xa267530f49f8280200edf313ee7af6b827f2a8bce2897751d06a843f644967b1

Account #13: 0x1cbd3b2770909d4e10f157cabc84c7264073c9ec (10000 ETH)
Private Key: 0x47c99abed3324a2707c28affff1267e45918ec8c3f20b8aa892e8b065d2942dd

Account #14: 0xdf3e18d64bc6a983f673ab319ccae4f1a57c7097 (10000 ETH)
Private Key: 0xc526ee95bf44d8fc405a158bb884d9d1238d99f0612e9f33d006bb0789009aaa

Account #15: 0xcd3b766ccdd6ae721141f452c550ca635964ce71 (10000 ETH)
Private Key: 0x8166f546bab6da521a8369cab06c5d2b9e46670292d85c875ee9ec20e84ffb61

Account #16: 0x2546bcd3c84621e976d8185a91a922ae77ecec30 (10000 ETH)
Private Key: 0xea6c44ac03bff858b476bba40716402b03e41b8e97e276d1baec7c37d42484a0

Account #17: 0xbda5747bfd65f08deb54cb465eb87d40e51b197e (10000 ETH)
Private Key: 0x689af8efa8c651a91ad287602527f3af2fe9f6501a7ac4b061667b5a93e037fd

Account #18: 0xdd2fd4581271e230360230f9337d5c0430bf44c0 (10000 ETH)
Private Key: 0xde9be858da4a475276426320d5e9262ecfc3ba460bfac56360bfa6c4c28b4ee0

Account #19: 0x8626f6940e2eb28930efb4cef49b2d1f2c9c1199 (10000 ETH)
Private Key: 0xdf57089febbacf7ba0bc227dafbffa9fc08a93fdc68e1e42411a14efcf23656e

WARNING: Funds sent on live network to accounts with publicly known private keys WILL BE LOST.

[32meth_chainId[0m
[32mhardhat_metadata[0m
[32meth_accounts[0m
[32mhardhat_getAutomine[0m
[32meth_chainId[0m
[32meth_getBlockByNumber[0m
[32meth_getTransactionCount[0m
[32meth_getTransactionCount (2)[0m
[32meth_getTransactionCount (3)[0m
[32meth_getBlockByNumber[0m
[32meth_getTransactionCount[0m
[32meth_getBlockByNumber[0m
[32meth_chainId[0m
[32meth_maxPriorityFeePerGas[0m
[32meth_estimateGas[0m
[32meth_call[0m
  Contract deployment: <UnrecognizedContract>
  Contract address:    0x5fbdb2315678afecb367f032d93f642f64180aa3
  From:                0xf39fd6e51aad88f6f4ce6ab8827279cfffb92266

[32meth_sendTransaction[0m
  Contract deployment: <UnrecognizedContract>
  Contract address:    0x5fbdb2315678afecb367f032d93f642f64180aa3
  Transaction:         0x3c75c31fb8d371e216c7370d6e857c662c03b0fef2d7b4777ad5fe3332675298
  From:                0xf39fd6e51aad88f6f4ce6ab8827279cfffb92266
  Value:               0 ETH
  Gas used:            1419631 of 1419631
  Block #1:            0x5b2f129385e0961f61c990d83202089119fc32b81187aa2047c17a79b2795c0a

[32meth_getTransactionByHash[0m
[32meth_getBlockByNumber[0m
[32meth_getTransactionReceipt[0m
[32meth_getTransactionCount[0m
[32meth_getBlockByNumber[0m
[32meth_chainId[0m
[32meth_maxPriorityFeePerGas[0m
[32meth_estimateGas[0m
[32meth_call[0m
  Contract deployment: <UnrecognizedContract>
  Contract address:    0xe7f1725e7734ce288f8367e1bb143e90bb3f0512
  From:                0xf39fd6e51aad88f6f4ce6ab8827279cfffb92266

[32meth_sendTransaction[0m
  Contract deployment: <UnrecognizedContract>
  Contract address:    0xe7f1725e7734ce288f8367e1bb143e90bb3f0512
  Transaction:         0xca23d571715f7765691735e4a617bd8a7739650f1f876f9f0619e9657e1c1c5f
  From:                0xf39fd6e51aad88f6f4ce6ab8827279cfffb92266
  Value:               0 ETH
  Gas used:            763716 of 763716
  Block #2:            0x03fd84961281f6bb9e465468dc901c338a3b6ef8cb129f92053469177ca460ef

[32meth_getTransactionByHash[0m
[32meth_getBlockByNumber[0m
[32meth_getTransactionReceipt[0m
[32meth_getTransactionCount[0m
[32meth_getBlockByNumber[0m
[32meth_chainId[0m
[32meth_maxPriorityFeePerGas[0m
[32meth_estimateGas[0m
[32meth_call[0m
  Contract deployment: <UnrecognizedContract>
  Contract address:    0x9fe46736679d2d9a65f0992f2272de9f3c7fa6e0
  From:                0xf39fd6e51aad88f6f4ce6ab8827279cfffb92266

[32meth_sendTransaction[0m
  Contract deployment: <UnrecognizedContract>
  Contract address:    0x9fe46736679d2d9a65f0992f2272de9f3c7fa6e0
  Transaction:         0x59d7ad1a5ca6fb2d0023050b20932b5fef43e889e2ac786302f0b287868aeb64
  From:                0xf39fd6e51aad88f6f4ce6ab8827279cfffb92266
  Value:               0 ETH
  Gas used:            693610 of 693610
  Block #3:            0x79a0dac185046c7f951281caba42007afc4d29b4f3f8a231da59045d0bd619c0

[32meth_getTransactionByHash[0m
[32meth_getBlockByNumber[0m
[32meth_getTransactionReceipt[0m
[32meth_getBlockByNumber[0m
[32meth_getTransactionCount[0m
[32meth_getBlockByNumber[0m
[32meth_chainId[0m
[32meth_maxPriorityFeePerGas[0m
[32meth_estimateGas[0m
[32meth_call[0m
  Contract deployment: <UnrecognizedContract>
  Contract address:    0xcf7ed3acca5a467e9e704c703e8d87f634fb0fc9
  From:                0xf39fd6e51aad88f6f4ce6ab8827279cfffb92266

[32meth_sendTransaction[0m
  Contract deployment: <UnrecognizedContract>
  Contract address:    0xcf7ed3acca5a467e9e704c703e8d87f634fb0fc9
  Transaction:         0xe9acc7e5643f2304fc556f9abb4cacb179274a97dc1182275b76ee4186214338
  From:                0xf39fd6e51aad88f6f4ce6ab8827279cfffb92266
  Value:               0 ETH
  Gas used:            2060799 of 2060799
  Block #4:            0x838e0f5c41e9256fd8f958a498075af0aebc217ff8bd9c49909ed25380fa465f

[32meth_getTransactionByHash[0m
[32meth_getBlockByNumber[0m
[32meth_getTransactionReceipt[0m
[32meth_getBlockByNumber[0m
[32meth_getTransactionCount[0m
[32meth_getBlockByNumber[0m
[32meth_chainId[0m
[32meth_maxPriorityFeePerGas[0m
[32meth_estimateGas[0m
[32meth_call[0m
  Contract call:       <UnrecognizedContract>
  From:                0xf39fd6e51aad88f6f4ce6ab8827279cfffb92266
  To:                  0xcf7ed3acca5a467e9e704c703e8d87f634fb0fc9

[32meth_sendTransaction[0m
  Contract call:       <UnrecognizedContract>
  Transaction:         0xda90d55b3457b6498d33bc992b2baf38f81af67a5bebbb5137721d496ec25ae5
  From:                0xf39fd6e51aad88f6f4ce6ab8827279cfffb92266
  To:                  0xcf7ed3acca5a467e9e704c703e8d87f634fb0fc9
  Value:               0 ETH
  Gas used:            46177 of 46177
  Block #5:            0x86b722caf12a64d7047201a13fd2ba028df5141d0ce318d2aed00971343c1cf3

[32meth_getTransactionByHash[0m
[32meth_getBlockByNumber[0m
[32meth_getTransactionReceipt[0m
[32meth_getTransactionCount[0m
[32meth_getBlockByNumber[0m
[32meth_chainId[0m
[32meth_maxPriorityFeePerGas[0m
[32meth_estimateGas[0m
[32meth_call[0m
  Contract call:       <UnrecognizedContract>
  From:                0xf39fd6e51aad88f6f4ce6ab8827279cfffb92266
  To:                  0x5fbdb2315678afecb367f032d93f642f64180aa3

[32meth_sendTransaction[0m
  Contract call:       <UnrecognizedContract>
  Transaction:         0x85e219a968353c5210df42dd27c734db23903bf11720c07520e9ce91caceb1ea
  From:                0xf39fd6e51aad88f6f4ce6ab8827279cfffb92266
  To:                  0x5fbdb2315678afecb367f032d93f642f64180aa3
  Value:               0 ETH
  Gas used:            46370 of 46370
  Block #6:            0x8c2c7d5cee6c09432561d98d53e31b522207cf971bf452dc534e12ae7f40abeb

[32meth_getTransactionByHash[0m
[32meth_getBlockByNumber[0m
[32meth_getTransactionReceipt[0m
Terminated
